DEBUG:urllib3.connectionpool:Starting new HTTPS connection (1): api.github.com:443
DEBUG:urllib3.connectionpool:https://api.github.com:443 "POST /repos/jeff-vincent/iOS-Example/actions/runners/registration-token HTTP/1.1" 201 86
INFO:root:Token created: AIJKXW2U5FBX57X75EMWMMLAAY7WC
INFO:root:RUNNER-NAME: iOS-Example-scgqanzbpx
INFO:root:b"\n--------------------------------------------------------------------------------\n|        ____ _ _   _   _       _          _        _   _                      |\n|       / ___(_) |_| | | |_   _| |__      / \\   ___| |_(_) ___  _ __  ___      |\n|      | |  _| | __| |_| | | | | '_ \\    / _ \\ / __| __| |/ _ \\| '_ \\/ __|     |\n|      | |_| | | |_|  _  | |_| | |_) |  / ___ \\ (__| |_| | (_) | | | \\__ \\     |\n|       \\____|_|\\__|_| |_|\\__,_|_.__/  /_/   \\_\\___|\\__|_|\\___/|_| |_|___/     |\n|                                                                              |\n|                       Self-hosted runner registration                        |\n|                                                                              |\n--------------------------------------------------------------------------------\n"
DEBUG:urllib3.connectionpool:Starting new HTTPS connection (1): api.github.com:443
DEBUG:urllib3.connectionpool:https://api.github.com:443 "POST /repos/jeff-vincent/iOS-Example/actions/runners/registration-token HTTP/1.1" 201 86
INFO:root:Token created: AIJKXW6TPHWEWORBJH6GPVTAAZAZ6
INFO:root:RUNNER-NAME: iOS-Example-yrkqxjxsfw
INFO:root:b"\n--------------------------------------------------------------------------------\n|        ____ _ _   _   _       _          _        _   _                      |\n|       / ___(_) |_| | | |_   _| |__      / \\   ___| |_(_) ___  _ __  ___      |\n|      | |  _| | __| |_| | | | | '_ \\    / _ \\ / __| __| |/ _ \\| '_ \\/ __|     |\n|      | |_| | | |_|  _  | |_| | |_) |  / ___ \\ (__| |_| | (_) | | | \\__ \\     |\n|       \\____|_|\\__|_| |_|\\__,_|_.__/  /_/   \\_\\___|\\__|_|\\___/|_| |_|___/     |\n|                                                                              |\n|                       Self-hosted runner registration                        |\n|                                                                              |\n--------------------------------------------------------------------------------\n"
DEBUG:urllib3.connectionpool:Starting new HTTPS connection (1): api.github.com:443
DEBUG:urllib3.connectionpool:https://api.github.com:443 "POST /repos/jeff-vincent/iOS-Example/actions/runners/registration-token HTTP/1.1" 201 86
INFO:root:Token created: AIJKXW4Y6WLWBV3GKIZTMRTAAZA6Y
INFO:root:RUNNER-NAME: iOS-Example-osgcbjowfe
INFO:root:b"\n--------------------------------------------------------------------------------\n|        ____ _ _   _   _       _          _        _   _                      |\n|       / ___(_) |_| | | |_   _| |__      / \\   ___| |_(_) ___  _ __  ___      |\n|      | |  _| | __| |_| | | | | '_ \\    / _ \\ / __| __| |/ _ \\| '_ \\/ __|     |\n|      | |_| | | |_|  _  | |_| | |_) |  / ___ \\ (__| |_| | (_) | | | \\__ \\     |\n|       \\____|_|\\__|_| |_|\\__,_|_.__/  /_/   \\_\\___|\\__|_|\\___/|_| |_|___/     |\n|                                                                              |\n|                       Self-hosted runner registration                        |\n|                                                                              |\n--------------------------------------------------------------------------------\n"
DEBUG:urllib3.connectionpool:Starting new HTTPS connection (1): api.github.com:443
DEBUG:urllib3.connectionpool:https://api.github.com:443 "POST /repos/jeff-vincent/iOS-Example/actions/runners/registration-token HTTP/1.1" 201 86
INFO:root:Token created: AIJKXW4RT4YP5SZWGMPZP6TAAZB2U
INFO:root:RUNNER-NAME: iOS-Example-ovcftobxdy
INFO:root:b"\n--------------------------------------------------------------------------------\n|        ____ _ _   _   _       _          _        _   _                      |\n|       / ___(_) |_| | | |_   _| |__      / \\   ___| |_(_) ___  _ __  ___      |\n|      | |  _| | __| |_| | | | | '_ \\    / _ \\ / __| __| |/ _ \\| '_ \\/ __|     |\n|      | |_| | | |_|  _  | |_| | |_) |  / ___ \\ (__| |_| | (_) | | | \\__ \\     |\n|       \\____|_|\\__|_| |_|\\__,_|_.__/  /_/   \\_\\___|\\__|_|\\___/|_| |_|___/     |\n|                                                                              |\n|                       Self-hosted runner registration                        |\n|                                                                              |\n--------------------------------------------------------------------------------\n\n# Authentication\n\n\n\xe2\x88\x9a Connected to GitHub\n\n# Runner Registration\n\n\n\n\xe2\x88\x9a Runner successfully added\n\xe2\x88\x9a Runner connection is good\n\n# Runner settings\n\n\n\xe2\x88\x9a Settings Saved.\n\n"
DEBUG:urllib3.connectionpool:Starting new HTTPS connection (1): api.github.com:443
DEBUG:urllib3.connectionpool:https://api.github.com:443 "POST /repos/jeff-vincent/iOS-Example/actions/runners/registration-token HTTP/1.1" 201 86
INFO:root:Token created: AIJKXW3ILQRIXRU24CQ4HSDAAZDP2
INFO:root:RUNNER-NAME: iOS-Example-hahwallaib
INFO:root:b"\n--------------------------------------------------------------------------------\n|        ____ _ _   _   _       _          _        _   _                      |\n|       / ___(_) |_| | | |_   _| |__      / \\   ___| |_(_) ___  _ __  ___      |\n|      | |  _| | __| |_| | | | | '_ \\    / _ \\ / __| __| |/ _ \\| '_ \\/ __|     |\n|      | |_| | | |_|  _  | |_| | |_) |  / ___ \\ (__| |_| | (_) | | | \\__ \\     |\n|       \\____|_|\\__|_| |_|\\__,_|_.__/  /_/   \\_\\___|\\__|_|\\___/|_| |_|___/     |\n|                                                                              |\n|                       Self-hosted runner registration                        |\n|                                                                              |\n--------------------------------------------------------------------------------\n\n# Authentication\n\n\n\xe2\x88\x9a Connected to GitHub\n\n# Runner Registration\n\n\n\n\xe2\x88\x9a Runner successfully added\n\xe2\x88\x9a Runner connection is good\n\n# Runner settings\n\n\n\xe2\x88\x9a Settings Saved.\n\n"
DEBUG:urllib3.connectionpool:Starting new HTTPS connection (1): github.com:443
DEBUG:urllib3.connectionpool:https://github.com:443 "GET /actions/runner/releases/download/v2.275.1/actions-runner-osx-x64-2.275.1.tar.gz HTTP/1.1" 302 663
DEBUG:urllib3.connectionpool:Starting new HTTPS connection (1): github-production-release-asset-2e65be.s3.amazonaws.com:443
DEBUG:urllib3.connectionpool:https://github-production-release-asset-2e65be.s3.amazonaws.com:443 "GET /184286875/42df3a00-3e55-11eb-9877-f42298c4ab05?X-Amz-Algorithm=AWS4-HMAC-SHA256&X-Amz-Credential=AKIAIWNJYAX4CSVEH53A%2F20210119%2Fus-east-1%2Fs3%2Faws4_request&X-Amz-Date=20210119T022226Z&X-Amz-Expires=300&X-Amz-Signature=87a1b454c13bc931b02c23619084b0ed075360c976c16dd525a3f7a628b92917&X-Amz-SignedHeaders=host&actor_id=0&key_id=0&repo_id=184286875&response-content-disposition=attachment%3B%20filename%3Dactions-runner-osx-x64-2.275.1.tar.gz&response-content-type=application%2Foctet-stream HTTP/1.1" 200 51066414
DEBUG:urllib3.connectionpool:Starting new HTTPS connection (1): api.github.com:443
DEBUG:urllib3.connectionpool:https://api.github.com:443 "POST /repos/jeff-vincent/iOS-Example/actions/runners/registration-token HTTP/1.1" 201 86
INFO:root:Token created: AIJKXW3GAFIU3NKY7P576MLAAZIJQ
INFO:root:RUNNER-NAME: iOS-Example-lwtytxbung
INFO:root:b"\n--------------------------------------------------------------------------------\n|        ____ _ _   _   _       _          _        _   _                      |\n|       / ___(_) |_| | | |_   _| |__      / \\   ___| |_(_) ___  _ __  ___      |\n|      | |  _| | __| |_| | | | | '_ \\    / _ \\ / __| __| |/ _ \\| '_ \\/ __|     |\n|      | |_| | | |_|  _  | |_| | |_) |  / ___ \\ (__| |_| | (_) | | | \\__ \\     |\n|       \\____|_|\\__|_| |_|\\__,_|_.__/  /_/   \\_\\___|\\__|_|\\___/|_| |_|___/     |\n|                                                                              |\n|                       Self-hosted runner registration                        |\n|                                                                              |\n--------------------------------------------------------------------------------\n\n# Authentication\n\n\n\xe2\x88\x9a Connected to GitHub\n\n# Runner Registration\n\n\n\n\xe2\x88\x9a Runner successfully added\n\xe2\x88\x9a Runner connection is good\n\n# Runner settings\n\n\n\xe2\x88\x9a Settings Saved.\n\n"
DEBUG:urllib3.connectionpool:Starting new HTTPS connection (1): github.com:443
DEBUG:urllib3.connectionpool:https://github.com:443 "GET /actions/runner/releases/download/v2.275.1/actions-runner-osx-x64-2.275.1.tar.gz HTTP/1.1" 302 663
DEBUG:urllib3.connectionpool:Starting new HTTPS connection (1): github-production-release-asset-2e65be.s3.amazonaws.com:443
DEBUG:urllib3.connectionpool:https://github-production-release-asset-2e65be.s3.amazonaws.com:443 "GET /184286875/42df3a00-3e55-11eb-9877-f42298c4ab05?X-Amz-Algorithm=AWS4-HMAC-SHA256&X-Amz-Credential=AKIAIWNJYAX4CSVEH53A%2F20210119%2Fus-east-1%2Fs3%2Faws4_request&X-Amz-Date=20210119T023249Z&X-Amz-Expires=300&X-Amz-Signature=62418d7e0585475c524733f37ce3638b6251ec8ab8637abb2aefd16dd3358d52&X-Amz-SignedHeaders=host&actor_id=0&key_id=0&repo_id=184286875&response-content-disposition=attachment%3B%20filename%3Dactions-runner-osx-x64-2.275.1.tar.gz&response-content-type=application%2Foctet-stream HTTP/1.1" 200 51066414
DEBUG:urllib3.connectionpool:Starting new HTTPS connection (1): api.github.com:443
DEBUG:urllib3.connectionpool:https://api.github.com:443 "POST /repos/jeff-vincent/iOS-Example/actions/runners/registration-token HTTP/1.1" 201 86
INFO:root:Token created: AIJKXW4ERNW5P7VBGX7XE4LAAZJQE
INFO:root:RUNNER-NAME: iOS-Example-kbmvzzyqwf
INFO:root:b"\n--------------------------------------------------------------------------------\n|        ____ _ _   _   _       _          _        _   _                      |\n|       / ___(_) |_| | | |_   _| |__      / \\   ___| |_(_) ___  _ __  ___      |\n|      | |  _| | __| |_| | | | | '_ \\    / _ \\ / __| __| |/ _ \\| '_ \\/ __|     |\n|      | |_| | | |_|  _  | |_| | |_) |  / ___ \\ (__| |_| | (_) | | | \\__ \\     |\n|       \\____|_|\\__|_| |_|\\__,_|_.__/  /_/   \\_\\___|\\__|_|\\___/|_| |_|___/     |\n|                                                                              |\n|                       Self-hosted runner registration                        |\n|                                                                              |\n--------------------------------------------------------------------------------\n\n# Authentication\n\n\n\xe2\x88\x9a Connected to GitHub\n\n# Runner Registration\n\n\n\n\xe2\x88\x9a Runner successfully added\n\xe2\x88\x9a Runner connection is good\n\n# Runner settings\n\n\n\xe2\x88\x9a Settings Saved.\n\n"
